[2025-08-26T12:52:04.812+0000] {manager.py:487} INFO - Processing files using up to 1 processes at a time 
[2025-08-26T12:52:04.813+0000] {manager.py:488} INFO - Process each file at most once every 30 seconds
[2025-08-26T12:52:04.814+0000] {manager.py:489} INFO - Checking for new files in /opt/airflow/dags every 300 seconds
[2025-08-26T12:52:04.815+0000] {manager.py:759} INFO - Searching for files in /opt/airflow/dags
[2025-08-26T12:52:04.821+0000] {manager.py:762} INFO - There are 0 files in /opt/airflow/dags
[2025-09-16T09:08:56.283+0000] {manager.py:487} INFO - Processing files using up to 1 processes at a time 
[2025-09-16T09:08:56.293+0000] {manager.py:488} INFO - Process each file at most once every 30 seconds
[2025-09-16T09:08:56.300+0000] {manager.py:489} INFO - Checking for new files in /opt/airflow/dags every 300 seconds
[2025-09-16T09:08:56.302+0000] {manager.py:759} INFO - Searching for files in /opt/airflow/dags
[2025-09-16T09:08:56.308+0000] {manager.py:762} INFO - There are 0 files in /opt/airflow/dags
[2025-09-16T09:13:56.358+0000] {manager.py:759} INFO - Searching for files in /opt/airflow/dags
[2025-09-16T09:13:56.502+0000] {manager.py:762} INFO - There are 0 files in /opt/airflow/dags
[2025-09-16T09:18:56.478+0000] {manager.py:759} INFO - Searching for files in /opt/airflow/dags
[2025-09-16T09:18:56.497+0000] {manager.py:762} INFO - There are 0 files in /opt/airflow/dags
[2025-09-16T09:23:56.880+0000] {manager.py:759} INFO - Searching for files in /opt/airflow/dags
[2025-09-16T09:23:56.887+0000] {manager.py:762} INFO - There are 0 files in /opt/airflow/dags
[2025-09-16T09:28:56.977+0000] {manager.py:759} INFO - Searching for files in /opt/airflow/dags
[2025-09-16T09:28:56.997+0000] {manager.py:762} INFO - There are 0 files in /opt/airflow/dags
[2025-09-16T09:33:57.093+0000] {manager.py:759} INFO - Searching for files in /opt/airflow/dags
[2025-09-16T09:33:57.182+0000] {manager.py:762} INFO - There are 0 files in /opt/airflow/dags
[2025-09-16T09:38:57.911+0000] {manager.py:759} INFO - Searching for files in /opt/airflow/dags
[2025-09-16T09:38:57.922+0000] {manager.py:762} INFO - There are 0 files in /opt/airflow/dags
[2025-09-16T09:43:58.381+0000] {manager.py:759} INFO - Searching for files in /opt/airflow/dags
[2025-09-16T09:43:58.389+0000] {manager.py:762} INFO - There are 0 files in /opt/airflow/dags
[2025-09-16T09:48:58.633+0000] {manager.py:759} INFO - Searching for files in /opt/airflow/dags
[2025-09-16T09:48:58.639+0000] {manager.py:762} INFO - There are 0 files in /opt/airflow/dags
[2025-09-16T09:53:59.113+0000] {manager.py:759} INFO - Searching for files in /opt/airflow/dags
[2025-09-16T09:53:59.129+0000] {manager.py:762} INFO - There are 0 files in /opt/airflow/dags
[2025-09-16T09:58:59.487+0000] {manager.py:759} INFO - Searching for files in /opt/airflow/dags
[2025-09-16T09:58:59.497+0000] {manager.py:762} INFO - There are 0 files in /opt/airflow/dags
[2025-09-16T10:03:59.824+0000] {manager.py:759} INFO - Searching for files in /opt/airflow/dags
[2025-09-16T10:03:59.865+0000] {manager.py:762} INFO - There are 0 files in /opt/airflow/dags
[2025-09-16T10:09:00.046+0000] {manager.py:759} INFO - Searching for files in /opt/airflow/dags
[2025-09-16T10:09:00.059+0000] {manager.py:762} INFO - There are 0 files in /opt/airflow/dags
